<?xml version="1.0" encoding="UTF-8"?>
<!-- Generated by org.testng.reporters.JUnitXMLReporter -->
<testsuite hostname="HDC2-D-CCTQXJ2" ignored="0" name="Default test" tests="4" failures="0" timestamp="29 Oct 2019 11:46:11 GMT" time="110.707" errors="0">
  <testcase name="testRegistration" time="43.219" classname="testmeapp.tests.OnlineShoppingTest"/>
  <testcase name="testLogin" time="41.106" classname="testmeapp.tests.OnlineShoppingTest"/>
  <testcase name="testCart" time="14.248" classname="testmeapp.tests.OnlineShoppingTest"/>
  <testcase name="testPayment" time="10.64" classname="testmeapp.tests.OnlineShoppingTest"/>
</testsuite> <!-- Default test -->
