<?xml version="1.0" encoding="UTF-8"?>
<testng-results skipped="0" failed="0" ignored="0" total="4" passed="4">
  <reporter-output>
  </reporter-output>
  <suite name="Default suite" duration-ms="110707" started-at="2019-10-29T11:44:20Z" finished-at="2019-10-29T11:46:11Z">
    <groups>
    </groups>
    <test name="Default test" duration-ms="110707" started-at="2019-10-29T11:44:20Z" finished-at="2019-10-29T11:46:11Z">
      <class name="testmeapp.tests.OnlineShoppingTest">
        <test-method status="PASS" signature="startReportBeforeTest()[pri:0, instance:testmeapp.tests.OnlineShoppingTest@7823a2f9]" name="startReportBeforeTest" is-config="true" duration-ms="697" started-at="2019-10-29T17:14:20Z" finished-at="2019-10-29T17:14:21Z">
          <reporter-output>
          </reporter-output>
        </test-method> <!-- startReportBeforeTest -->
        <test-method status="PASS" signature="testRegistration()[pri:1, instance:testmeapp.tests.OnlineShoppingTest@7823a2f9]" name="testRegistration" duration-ms="43219" started-at="2019-10-29T17:14:21Z" finished-at="2019-10-29T17:15:04Z">
          <reporter-output>
          </reporter-output>
        </test-method> <!-- testRegistration -->
        <test-method status="PASS" signature="getResultAfterMEthod(org.testng.ITestResult)[pri:0, instance:testmeapp.tests.OnlineShoppingTest@7823a2f9]" name="getResultAfterMEthod" is-config="true" duration-ms="11" started-at="2019-10-29T17:15:04Z" finished-at="2019-10-29T17:15:04Z">
          <params>
            <param index="0">
              <value>
                <![CDATA[[TestResult name=testRegistration status=SUCCESS method=OnlineShoppingTest.testRegistration()[pri:1, instance:testmeapp.tests.OnlineShoppingTest@7823a2f9] output={null}]]]>
              </value>
            </param>
          </params>
          <reporter-output>
          </reporter-output>
        </test-method> <!-- getResultAfterMEthod -->
        <test-method status="PASS" signature="testLogin()[pri:2, instance:testmeapp.tests.OnlineShoppingTest@7823a2f9]" name="testLogin" duration-ms="41106" started-at="2019-10-29T17:15:04Z" finished-at="2019-10-29T17:15:45Z">
          <reporter-output>
          </reporter-output>
        </test-method> <!-- testLogin -->
        <test-method status="PASS" signature="getResultAfterMEthod(org.testng.ITestResult)[pri:0, instance:testmeapp.tests.OnlineShoppingTest@7823a2f9]" name="getResultAfterMEthod" is-config="true" duration-ms="0" started-at="2019-10-29T17:15:45Z" finished-at="2019-10-29T17:15:45Z">
          <params>
            <param index="0">
              <value>
                <![CDATA[[TestResult name=testLogin status=SUCCESS method=OnlineShoppingTest.testLogin()[pri:2, instance:testmeapp.tests.OnlineShoppingTest@7823a2f9] output={null}]]]>
              </value>
            </param>
          </params>
          <reporter-output>
          </reporter-output>
        </test-method> <!-- getResultAfterMEthod -->
        <test-method status="PASS" signature="testCart()[pri:3, instance:testmeapp.tests.OnlineShoppingTest@7823a2f9]" name="testCart" duration-ms="14248" started-at="2019-10-29T17:15:45Z" finished-at="2019-10-29T17:16:00Z">
          <reporter-output>
          </reporter-output>
        </test-method> <!-- testCart -->
        <test-method status="PASS" signature="getResultAfterMEthod(org.testng.ITestResult)[pri:0, instance:testmeapp.tests.OnlineShoppingTest@7823a2f9]" name="getResultAfterMEthod" is-config="true" duration-ms="2" started-at="2019-10-29T17:16:00Z" finished-at="2019-10-29T17:16:00Z">
          <params>
            <param index="0">
              <value>
                <![CDATA[[TestResult name=testCart status=SUCCESS method=OnlineShoppingTest.testCart()[pri:3, instance:testmeapp.tests.OnlineShoppingTest@7823a2f9] output={null}]]]>
              </value>
            </param>
          </params>
          <reporter-output>
          </reporter-output>
        </test-method> <!-- getResultAfterMEthod -->
        <test-method status="PASS" signature="testPayment()[pri:4, instance:testmeapp.tests.OnlineShoppingTest@7823a2f9]" name="testPayment" duration-ms="10640" started-at="2019-10-29T17:16:00Z" finished-at="2019-10-29T17:16:10Z">
          <reporter-output>
          </reporter-output>
        </test-method> <!-- testPayment -->
        <test-method status="PASS" signature="getResultAfterMEthod(org.testng.ITestResult)[pri:0, instance:testmeapp.tests.OnlineShoppingTest@7823a2f9]" name="getResultAfterMEthod" is-config="true" duration-ms="0" started-at="2019-10-29T17:16:10Z" finished-at="2019-10-29T17:16:10Z">
          <params>
            <param index="0">
              <value>
                <![CDATA[[TestResult name=testPayment status=SUCCESS method=OnlineShoppingTest.testPayment()[pri:4, instance:testmeapp.tests.OnlineShoppingTest@7823a2f9] output={null}]]]>
              </value>
            </param>
          </params>
          <reporter-output>
          </reporter-output>
        </test-method> <!-- getResultAfterMEthod -->
        <test-method status="PASS" signature="endReportAfterTest()[pri:0, instance:testmeapp.tests.OnlineShoppingTest@7823a2f9]" name="endReportAfterTest" is-config="true" duration-ms="700" started-at="2019-10-29T17:16:10Z" finished-at="2019-10-29T17:16:11Z">
          <reporter-output>
          </reporter-output>
        </test-method> <!-- endReportAfterTest -->
      </class> <!-- testmeapp.tests.OnlineShoppingTest -->
    </test> <!-- Default test -->
  </suite> <!-- Default suite -->
</testng-results>
